2018-03-27 17:16:32,796 [Worker-15] INFO  o.e.m.c.i.l.LifecycleMappingFactory - Using org.eclipse.m2e.jdt.JarLifecycleMapping lifecycle mapping for MavenProject: com.websystique.springboot:SpringBootCRUDApplicationExample:1.0.0 @ C:\Users\Neven\Desktop\ISA-projekat\ISA\SpringBootCRUDApplicationExample\pom.xml.
2018-03-27 17:16:32,796 [Worker-13] INFO  o.e.m.c.i.l.LifecycleMappingFactory - Using org.eclipse.m2e.jdt.JarLifecycleMapping lifecycle mapping for MavenProject: com.websystique.springboot:SpringBootCRUDApplicationExample:1.0.0 @ C:\Users\Neven\Desktop\ISA-projekat\ISA\SpringBootCRUDApplicationExample\pom.xml.
2018-03-27 17:16:38,256 [Worker-13] INFO  o.e.m.c.i.embedder.EclipseLogger - Using 'UTF-8' encoding to copy filtered resources.
2018-03-27 17:16:38,271 [Worker-13] INFO  o.e.m.c.i.embedder.EclipseLogger - Copying 1 resource
2018-03-27 17:16:38,287 [Worker-13] INFO  o.e.m.c.i.embedder.EclipseLogger - Copying 28 resources
2018-03-27 17:16:38,696 [Worker-13] INFO  o.e.m.c.i.embedder.EclipseLogger - Using 'UTF-8' encoding to copy filtered resources.
2018-03-27 17:16:38,696 [Worker-13] INFO  o.e.m.c.i.embedder.EclipseLogger - skip non existing resourceDirectory C:\Users\Neven\Desktop\ISA-projekat\ISA\SpringBootCRUDApplicationExample\src\test\resources
2018-03-27 17:16:41,545 [Worker-16] INFO  o.e.m.c.i.l.LifecycleMappingFactory - Using org.eclipse.m2e.jdt.JarLifecycleMapping lifecycle mapping for MavenProject: com.websystique.springboot:SpringBootCRUDApplicationExample:1.0.0 @ C:\Users\Neven\Desktop\ISA-projekat\ISA\SpringBootCRUDApplicationExample\pom.xml.
2018-03-27 17:16:41,920 [Worker-1] INFO  o.e.m.c.i.embedder.EclipseLogger - Using 'UTF-8' encoding to copy filtered resources.
2018-03-27 17:16:41,936 [Worker-1] INFO  o.e.m.c.i.embedder.EclipseLogger - Copying 1 resource
2018-03-27 17:16:41,999 [Worker-1] INFO  o.e.m.c.i.embedder.EclipseLogger - Copying 28 resources
2018-03-27 17:16:42,389 [Worker-1] INFO  o.e.m.c.i.embedder.EclipseLogger - Using 'UTF-8' encoding to copy filtered resources.
2018-03-27 17:16:42,389 [Worker-1] INFO  o.e.m.c.i.embedder.EclipseLogger - skip non existing resourceDirectory C:\Users\Neven\Desktop\ISA-projekat\ISA\SpringBootCRUDApplicationExample\src\test\resources
2018-03-27 17:16:44,238 [Worker-8] INFO  o.e.m.c.i.embedder.EclipseLogger - Using 'UTF-8' encoding to copy filtered resources.
2018-03-27 17:16:44,238 [Worker-8] INFO  o.e.m.c.i.embedder.EclipseLogger - Copying 1 resource
2018-03-27 17:16:44,254 [Worker-8] INFO  o.e.m.c.i.embedder.EclipseLogger - Copying 28 resources
2018-03-27 17:16:44,272 [Worker-8] INFO  o.e.m.c.i.embedder.EclipseLogger - Using 'UTF-8' encoding to copy filtered resources.
2018-03-27 17:16:44,272 [Worker-8] INFO  o.e.m.c.i.embedder.EclipseLogger - skip non existing resourceDirectory C:\Users\Neven\Desktop\ISA-projekat\ISA\SpringBootCRUDApplicationExample\src\test\resources
2018-03-27 17:20:18,344 [Worker-0] INFO  o.e.m.c.i.embedder.EclipseLogger - Using 'UTF-8' encoding to copy filtered resources.
2018-03-27 17:20:18,344 [Worker-0] INFO  o.e.m.c.i.embedder.EclipseLogger - Copying 0 resource
2018-03-27 17:20:18,360 [Worker-0] INFO  o.e.m.c.i.embedder.EclipseLogger - Copying 0 resource
2018-03-27 17:20:18,360 [Worker-0] INFO  o.e.m.c.i.embedder.EclipseLogger - Using 'UTF-8' encoding to copy filtered resources.
2018-03-27 17:20:18,391 [Worker-0] INFO  o.e.m.c.i.embedder.EclipseLogger - skip non existing resourceDirectory C:\Users\Neven\Desktop\ISA-projekat\ISA\SpringBootCRUDApplicationExample\src\test\resources
